app/build/outputs/logs/manifest-merger-debug-report.txt
-- Merging decision tree log ---
manifest
ADDED from src\main\AndroidManifest.xml:16:1-66:12
INJECTED from src\main\AndroidManifest.xml:16:1-66:12
INJECTED from src\main\AndroidManifest.xml:16:1-66:12
INJECTED from src\main\AndroidManifest.xml:16:1-66:12
MERGED from [com.amitshekhar.android:debug-db:1.0.0] AndroidManifest.xml:20:1-40:12
MERGED from [com.android.support:design:26.1.0] AndroidManifest.xml:17:1-31:12
MERGED from [uk.co.chrisjenx:calligraphy:2.2.0] AndroidManifest.xml:2:1-13:12
MERGED from [com.amitshekhar.android:rx2-android-networking:1.0.1] AndroidManifest.xml:20:1-29:12
MERGED from [com.amitshekhar.android:android-networking:1.0.1] AndroidManifest.xml:18:1-27:12
MERGED from [com.android.support:appcompat-v7:27.0.2] AndroidManifest.xml:17:1-22:12
MERGED from [com.mindorks:placeholderview:0.6.1] AndroidManifest.xml:2:1-12:12
MERGED from [com.android.support:recyclerview-v7:26.1.0] AndroidManifest.xml:17:1-28:12
MERGED from [com.android.support:cardview-v7:26.1.0] AndroidManifest.xml:17:1-28:12
MERGED from [com.android.support:animated-vector-drawable:27.0.2] AndroidManifest.xml:17:1-22:12
MERGED from [com.android.support:support-vector-drawable:27.0.2] AndroidManifest.xml:17:1-22:12
MERGED from [io.reactivex.rxjava2:rxandroid:2.0.1] AndroidManifest.xml:15:1-21:12
MERGED from [com.jakewharton:butterknife:8.7.0] AndroidManifest.xml:2:1-7:12
MERGED from [com.jakewharton.timber:timber:4.5.1] AndroidManifest.xml:2:1-10:12
MERGED from [com.android.support:transition:26.1.0] AndroidManifest.xml:17:1-28:12
MERGED from [com.android.support:support-v4:26.1.0] AndroidManifest.xml:17:1-31:12
MERGED from [com.android.support:support-media-compat:26.1.0] AndroidManifest.xml:17:1-31:12
MERGED from [com.android.support:support-fragment:27.0.2] AndroidManifest.xml:17:1-22:12
MERGED from [com.android.support:support-core-utils:27.0.2] AndroidManifest.xml:17:1-22:12
MERGED from [com.android.support:support-core-ui:27.0.2] AndroidManifest.xml:17:1-22:12
MERGED from [com.android.support:support-compat:27.0.2] AndroidManifest.xml:17:1-22:12
MERGED from [android.arch.lifecycle:runtime:1.0.3] AndroidManifest.xml:17:1-24:12
INJECTED from src\main\AndroidManifest.xml:16:1-66:12
INJECTED from src\main\AndroidManifest.xml:16:1-66:12
INJECTED from src\main\AndroidManifest.xml:16:1-66:12
	package
		ADDED from src\main\AndroidManifest.xml:17:5-36
		INJECTED from src\main\AndroidManifest.xml
		INJECTED from src\main\AndroidManifest.xml
	android:versionName
		INJECTED from src\main\AndroidManifest.xml
		ADDED from src\main\AndroidManifest.xml:16:1-66:12
		INJECTED from src\main\AndroidManifest.xml
	android:versionCode
		INJECTED from src\main\AndroidManifest.xml
		ADDED from src\main\AndroidManifest.xml:16:1-66:12
		INJECTED from src\main\AndroidManifest.xml
	xmlns:android
		ADDED from src\main\AndroidManifest.xml:16:11-69
uses-permission#android.permission.INTERNET
ADDED from src\main\AndroidManifest.xml:19:5-67
MERGED from [com.amitshekhar.android:debug-db:1.0.0] AndroidManifest.xml:29:5-67
MERGED from [com.amitshekhar.android:debug-db:1.0.0] AndroidManifest.xml:29:5-67
	android:name
		ADDED from src\main\AndroidManifest.xml:19:22-64
application
ADDED from src\main\AndroidManifest.xml:21:5-64:19
MERGED from [com.amitshekhar.android:debug-db:1.0.0] AndroidManifest.xml:32:5-38:19
MERGED from [com.amitshekhar.android:debug-db:1.0.0] AndroidManifest.xml:32:5-38:19
MERGED from [com.android.support:design:26.1.0] AndroidManifest.xml:25:5-29:19
MERGED from [com.android.support:design:26.1.0] AndroidManifest.xml:25:5-29:19
MERGED from [uk.co.chrisjenx:calligraphy:2.2.0] AndroidManifest.xml:11:5-20
MERGED from [uk.co.chrisjenx:calligraphy:2.2.0] AndroidManifest.xml:11:5-20
MERGED from [com.android.support:recyclerview-v7:26.1.0] AndroidManifest.xml:22:5-26:19
MERGED from [com.android.support:recyclerview-v7:26.1.0] AndroidManifest.xml:22:5-26:19
MERGED from [com.android.support:cardview-v7:26.1.0] AndroidManifest.xml:22:5-26:19
MERGED from [com.android.support:cardview-v7:26.1.0] AndroidManifest.xml:22:5-26:19
MERGED from [com.jakewharton.timber:timber:4.5.1] AndroidManifest.xml:8:5-20
MERGED from [com.jakewharton.timber:timber:4.5.1] AndroidManifest.xml:8:5-20
MERGED from [com.android.support:transition:26.1.0] AndroidManifest.xml:22:5-26:19
MERGED from [com.android.support:transition:26.1.0] AndroidManifest.xml:22:5-26:19
MERGED from [com.android.support:support-v4:26.1.0] AndroidManifest.xml:25:5-29:19
MERGED from [com.android.support:support-v4:26.1.0] AndroidManifest.xml:25:5-29:19
MERGED from [com.android.support:support-media-compat:26.1.0] AndroidManifest.xml:25:5-29:19
MERGED from [com.android.support:support-media-compat:26.1.0] AndroidManifest.xml:25:5-29:19
	android:supportsRtl
		ADDED from src\main\AndroidManifest.xml:26:9-35
	android:label
		ADDED from src\main\AndroidManifest.xml:25:9-41
	android:icon
		ADDED from src\main\AndroidManifest.xml:24:9-36
	android:allowBackup
		ADDED from src\main\AndroidManifest.xml:23:9-35
	android:theme
		ADDED from src\main\AndroidManifest.xml:27:9-40
	android:name
		ADDED from src\main\AndroidManifest.xml:22:9-49
service#za.ac.cput.inforshare.service.SyncService
ADDED from src\main\AndroidManifest.xml:29:9-56
	android:name
		ADDED from src\main\AndroidManifest.xml:29:18-53
activity#za.ac.cput.inforshare.ui.splash.SplashActivity
ADDED from src\main\AndroidManifest.xml:31:9-40:20
	android:screenOrientation
		ADDED from src\main\AndroidManifest.xml:34:13-49
	android:launchMode
		ADDED from src\main\AndroidManifest.xml:33:13-43
	android:theme
		ADDED from src\main\AndroidManifest.xml:35:13-54
	android:name
		ADDED from src\main\AndroidManifest.xml:32:13-74
intent-filter#android.intent.action.MAIN+android.intent.category.LAUNCHER
ADDED from src\main\AndroidManifest.xml:36:13-39:29
action#android.intent.action.MAIN
ADDED from src\main\AndroidManifest.xml:37:17-69
	android:name
		ADDED from src\main\AndroidManifest.xml:37:25-66
category#android.intent.category.LAUNCHER
ADDED from src\main\AndroidManifest.xml:38:17-77
	android:name
		ADDED from src\main\AndroidManifest.xml:38:27-74
activity#za.ac.cput.inforshare.ui.login.LoginActivity
ADDED from src\main\AndroidManifest.xml:42:9-45:52
	android:screenOrientation
		ADDED from src\main\AndroidManifest.xml:45:13-49
	android:launchMode
		ADDED from src\main\AndroidManifest.xml:44:13-43
	android:name
		ADDED from src\main\AndroidManifest.xml:43:13-72
activity#za.ac.cput.inforshare.ui.main.MainActivity
ADDED from src\main\AndroidManifest.xml:47:9-50:52
	android:screenOrientation
		ADDED from src\main\AndroidManifest.xml:50:13-49
	android:launchMode
		ADDED from src\main\AndroidManifest.xml:49:13-43
	android:name
		ADDED from src\main\AndroidManifest.xml:48:13-70
activity#za.ac.cput.inforshare.ui.feed.FeedActivity
ADDED from src\main\AndroidManifest.xml:52:9-62:20
	android:screenOrientation
		ADDED from src\main\AndroidManifest.xml:56:13-49
	android:parentActivityName
		ADDED from src\main\AndroidManifest.xml:55:13-63
	android:launchMode
		ADDED from src\main\AndroidManifest.xml:54:13-43
	android:name
		ADDED from src\main\AndroidManifest.xml:53:13-70
meta-data#android.support.PARENT_ACTIVITY
ADDED from src\main\AndroidManifest.xml:59:13-61:57
	android:value
		ADDED from src\main\AndroidManifest.xml:61:17-54
	android:name
		ADDED from src\main\AndroidManifest.xml:60:17-63
uses-sdk
INJECTED from src\main\AndroidManifest.xml reason: use-sdk injection requested
INJECTED from src\main\AndroidManifest.xml
INJECTED from src\main\AndroidManifest.xml
MERGED from [com.amitshekhar.android:debug-db:1.0.0] AndroidManifest.xml:25:5-27:41
MERGED from [com.amitshekhar.android:debug-db:1.0.0] AndroidManifest.xml:25:5-27:41
MERGED from [com.android.support:design:26.1.0] AndroidManifest.xml:21:5-23:62
MERGED from [com.android.support:design:26.1.0] AndroidManifest.xml:21:5-23:62
MERGED from [uk.co.chrisjenx:calligraphy:2.2.0] AndroidManifest.xml:7:5-9:41
MERGED from [uk.co.chrisjenx:calligraphy:2.2.0] AndroidManifest.xml:7:5-9:41
MERGED from [com.amitshekhar.android:rx2-android-networking:1.0.1] AndroidManifest.xml:25:5-27:41
MERGED from [com.amitshekhar.android:rx2-android-networking:1.0.1] AndroidManifest.xml:25:5-27:41
MERGED from [com.amitshekhar.android:android-networking:1.0.1] AndroidManifest.xml:23:5-25:41
MERGED from [com.amitshekhar.android:android-networking:1.0.1] AndroidManifest.xml:23:5-25:41
MERGED from [com.android.support:appcompat-v7:27.0.2] AndroidManifest.xml:20:5-44
MERGED from [com.android.support:appcompat-v7:27.0.2] AndroidManifest.xml:20:5-44
MERGED from [com.mindorks:placeholderview:0.6.1] AndroidManifest.xml:8:5-10:41
MERGED from [com.mindorks:placeholderview:0.6.1] AndroidManifest.xml:8:5-10:41
MERGED from [com.android.support:recyclerview-v7:26.1.0] AndroidManifest.xml:20:5-44
MERGED from [com.android.support:recyclerview-v7:26.1.0] AndroidManifest.xml:20:5-44
MERGED from [com.android.support:cardview-v7:26.1.0] AndroidManifest.xml:20:5-44
MERGED from [com.android.support:cardview-v7:26.1.0] AndroidManifest.xml:20:5-44
MERGED from [com.android.support:animated-vector-drawable:27.0.2] AndroidManifest.xml:20:5-44
MERGED from [com.android.support:animated-vector-drawable:27.0.2] AndroidManifest.xml:20:5-44
MERGED from [com.android.support:support-vector-drawable:27.0.2] AndroidManifest.xml:20:5-44
MERGED from [com.android.support:support-vector-drawable:27.0.2] AndroidManifest.xml:20:5-44
MERGED from [io.reactivex.rxjava2:rxandroid:2.0.1] AndroidManifest.xml:19:5-43
MERGED from [io.reactivex.rxjava2:rxandroid:2.0.1] AndroidManifest.xml:19:5-43
MERGED from [com.jakewharton:butterknife:8.7.0] AndroidManifest.xml:5:5-43
MERGED from [com.jakewharton:butterknife:8.7.0] AndroidManifest.xml:5:5-43
MERGED from [com.jakewharton.timber:timber:4.5.1] AndroidManifest.xml:6:5-43
MERGED from [com.jakewharton.timber:timber:4.5.1] AndroidManifest.xml:6:5-43
MERGED from [com.android.support:transition:26.1.0] AndroidManifest.xml:20:5-44
MERGED from [com.android.support:transition:26.1.0] AndroidManifest.xml:20:5-44
MERGED from [com.android.support:support-v4:26.1.0] AndroidManifest.xml:21:5-23:54
MERGED from [com.android.support:support-v4:26.1.0] AndroidManifest.xml:21:5-23:54
MERGED from [com.android.support:support-media-compat:26.1.0] AndroidManifest.xml:21:5-23:63
MERGED from [com.android.support:support-media-compat:26.1.0] AndroidManifest.xml:21:5-23:63
MERGED from [com.android.support:support-fragment:27.0.2] AndroidManifest.xml:20:5-44
MERGED from [com.android.support:support-fragment:27.0.2] AndroidManifest.xml:20:5-44
MERGED from [com.android.support:support-core-utils:27.0.2] AndroidManifest.xml:20:5-44
MERGED from [com.android.support:support-core-utils:27.0.2] AndroidManifest.xml:20:5-44
MERGED from [com.android.support:support-core-ui:27.0.2] AndroidManifest.xml:20:5-44
MERGED from [com.android.support:support-core-ui:27.0.2] AndroidManifest.xml:20:5-44
MERGED from [com.android.support:support-compat:27.0.2] AndroidManifest.xml:20:5-44
MERGED from [com.android.support:support-compat:27.0.2] AndroidManifest.xml:20:5-44
MERGED from [android.arch.lifecycle:runtime:1.0.3] AndroidManifest.xml:20:5-22:41
MERGED from [android.arch.lifecycle:runtime:1.0.3] AndroidManifest.xml:20:5-22:41
INJECTED from src\main\AndroidManifest.xml
INJECTED from src\main\AndroidManifest.xml
	tools:overrideLibrary
		ADDED from [com.android.support:design:26.1.0] AndroidManifest.xml:23:9-59
	android:targetSdkVersion
		INJECTED from src\main\AndroidManifest.xml
		ADDED from src\main\AndroidManifest.xml
		INJECTED from src\main\AndroidManifest.xml
	android:minSdkVersion
		INJECTED from src\main\AndroidManifest.xml
		ADDED from src\main\AndroidManifest.xml
		INJECTED from src\main\AndroidManifest.xml
uses-permission#android.permission.ACCESS_WIFI_STATE
ADDED from [com.amitshekhar.android:debug-db:1.0.0] AndroidManifest.xml:30:5-76
	android:name
		ADDED from [com.amitshekhar.android:debug-db:1.0.0] AndroidManifest.xml:30:22-73
provider#com.amitshekhar.DebugDBInitProvider
ADDED from [com.amitshekhar.android:debug-db:1.0.0] AndroidManifest.xml:33:9-37:40
	android:enabled
		ADDED from [com.amitshekhar.android:debug-db:1.0.0] AndroidManifest.xml:36:13-35
	android:authorities
		ADDED from [com.amitshekhar.android:debug-db:1.0.0] AndroidManifest.xml:35:13-71
	android:exported
		ADDED from [com.amitshekhar.android:debug-db:1.0.0] AndroidManifest.xml:37:13-37
	android:name
		ADDED from [com.amitshekhar.android:debug-db:1.0.0] AndroidManifest.xml:34:13-63
meta-data#android.support.VERSION
ADDED from [com.android.support:design:26.1.0] AndroidManifest.xml:26:9-28:38
MERGED from [com.android.support:recyclerview-v7:26.1.0] AndroidManifest.xml:23:9-25:38
MERGED from [com.android.support:recyclerview-v7:26.1.0] AndroidManifest.xml:23:9-25:38
MERGED from [com.android.support:cardview-v7:26.1.0] AndroidManifest.xml:23:9-25:38
MERGED from [com.android.support:cardview-v7:26.1.0] AndroidManifest.xml:23:9-25:38
MERGED from [com.android.support:transition:26.1.0] AndroidManifest.xml:23:9-25:38
MERGED from [com.android.support:transition:26.1.0] AndroidManifest.xml:23:9-25:38
MERGED from [com.android.support:support-v4:26.1.0] AndroidManifest.xml:26:9-28:38
MERGED from [com.android.support:support-v4:26.1.0] AndroidManifest.xml:26:9-28:38
MERGED from [com.android.support:support-media-compat:26.1.0] AndroidManifest.xml:26:9-28:38
MERGED from [com.android.support:support-media-compat:26.1.0] AndroidManifest.xml:26:9-28:38
	android:value
		ADDED from [com.android.support:design:26.1.0] AndroidManifest.xml:28:13-35
	android:name
		ADDED from [com.android.support:design:26.1.0] AndroidManifest.xml:27:13-51